<?xml version="1.0" encoding="UTF-8"?>
<!-- Generated by org.testng.reporters.JUnitReportReporter -->
<testsuite hostname="Shiv" failures="0" tests="1" name="com.swapnil.tests.MyTest" time="0.014" errors="0" timestamp="2025-06-28T13:54:13 IST" skipped="0">
  <testcase classname="com.swapnil.tests.MyTest" name="sampleTest" time="0.014"/>
</testsuite> <!-- com.swapnil.tests.MyTest -->
